{"C:\\Users\\camil\\OneDrive\\Documents\\Platzi\\Puppeteer\\Proyecto_Definitivo\\components\\NavBar.js": {"path":"C:\\Users\\camil\\OneDrive\\Documents\\Platzi\\Puppeteer\\Proyecto_Definitivo\\components\\NavBar.js","statementMap":{"0":{"start":{"line":6,"column":8},"end":{"line":6,"column":15}},"1":{"start":{"line":7,"column":8},"end":{"line":7,"column":37}},"2":{"start":{"line":8,"column":8},"end":{"line":12,"column":9}},"3":{"start":{"line":16,"column":8},"end":{"line":16,"column":47}},"4":{"start":{"line":17,"column":8},"end":{"line":17,"column":47}},"5":{"start":{"line":18,"column":8},"end":{"line":18,"column":49}},"6":{"start":{"line":19,"column":8},"end":{"line":19,"column":50}},"7":{"start":{"line":23,"column":8},"end":{"line":23,"column":45}}},"fnMap":{"0":{"name":"(anonymous_0)","decl":{"start":{"line":5,"column":4},"end":{"line":5,"column":5}},"loc":{"start":{"line":5,"column":17},"end":{"line":13,"column":5}},"line":5},"1":{"name":"(anonymous_1)","decl":{"start":{"line":15,"column":4},"end":{"line":15,"column":5}},"loc":{"start":{"line":15,"column":36},"end":{"line":20,"column":5}},"line":15},"2":{"name":"(anonymous_2)","decl":{"start":{"line":22,"column":4},"end":{"line":22,"column":5}},"loc":{"start":{"line":22,"column":34},"end":{"line":24,"column":5}},"line":22}},"branchMap":{},"s":{"0":1,"1":1,"2":1,"3":1,"4":1,"5":1,"6":1,"7":1},"f":{"0":1,"1":1,"2":1},"b":{},"_coverageSchema":"1a1c01bbd47fc00a2c39e90264f33305004495a9","hash":"05646af79ab05c65992af15f0dacd9322a4f0e21"}
,"C:\\Users\\camil\\OneDrive\\Documents\\Platzi\\Puppeteer\\Proyecto_Definitivo\\pages\\BasePage.js": {"path":"C:\\Users\\camil\\OneDrive\\Documents\\Platzi\\Puppeteer\\Proyecto_Definitivo\\pages\\BasePage.js","statementMap":{"0":{"start":{"line":4,"column":8},"end":{"line":4,"column":33}},"1":{"start":{"line":8,"column":8},"end":{"line":8,"column":31}},"2":{"start":{"line":12,"column":8},"end":{"line":18,"column":9}},"3":{"start":{"line":13,"column":12},"end":{"line":13,"column":48}},"4":{"start":{"line":14,"column":12},"end":{"line":14,"column":67}},"5":{"start":{"line":14,"column":52},"end":{"line":14,"column":66}},"6":{"start":{"line":16,"column":12},"end":{"line":16,"column":81}},"7":{"start":{"line":22,"column":8},"end":{"line":28,"column":9}},"8":{"start":{"line":23,"column":12},"end":{"line":23,"column":48}},"9":{"start":{"line":24,"column":12},"end":{"line":24,"column":79}},"10":{"start":{"line":24,"column":52},"end":{"line":24,"column":78}},"11":{"start":{"line":26,"column":12},"end":{"line":26,"column":84}},"12":{"start":{"line":32,"column":8},"end":{"line":38,"column":9}},"13":{"start":{"line":33,"column":12},"end":{"line":33,"column":48}},"14":{"start":{"line":34,"column":12},"end":{"line":34,"column":61}},"15":{"start":{"line":34,"column":52},"end":{"line":34,"column":60}},"16":{"start":{"line":36,"column":12},"end":{"line":36,"column":81}},"17":{"start":{"line":42,"column":8},"end":{"line":48,"column":9}},"18":{"start":{"line":43,"column":12},"end":{"line":43,"column":48}},"19":{"start":{"line":44,"column":12},"end":{"line":44,"column":63}},"20":{"start":{"line":44,"column":53},"end":{"line":44,"column":62}},"21":{"start":{"line":46,"column":12},"end":{"line":46,"column":95}},"22":{"start":{"line":52,"column":8},"end":{"line":67,"column":9}},"23":{"start":{"line":53,"column":12},"end":{"line":53,"column":48}},"24":{"start":{"line":54,"column":12},"end":{"line":54,"column":38}},"25":{"start":{"line":57,"column":12},"end":{"line":64,"column":13}},"26":{"start":{"line":58,"column":32},"end":{"line":58,"column":65}},"27":{"start":{"line":59,"column":16},"end":{"line":59,"column":37}},"28":{"start":{"line":62,"column":16},"end":{"line":62,"column":77}},"29":{"start":{"line":71,"column":8},"end":{"line":79,"column":9}},"30":{"start":{"line":72,"column":12},"end":{"line":72,"column":56}},"31":{"start":{"line":73,"column":12},"end":{"line":73,"column":48}},"32":{"start":{"line":74,"column":12},"end":{"line":74,"column":49}},"33":{"start":{"line":77,"column":12},"end":{"line":77,"column":79}},"34":{"start":{"line":83,"column":8},"end":{"line":90,"column":9}},"35":{"start":{"line":84,"column":12},"end":{"line":84,"column":48}},"36":{"start":{"line":85,"column":12},"end":{"line":85,"column":54}},"37":{"start":{"line":88,"column":12},"end":{"line":88,"column":82}},"38":{"start":{"line":94,"column":6},"end":{"line":94,"column":38}}},"fnMap":{"0":{"name":"(anonymous_0)","decl":{"start":{"line":3,"column":4},"end":{"line":3,"column":5}},"loc":{"start":{"line":3,"column":20},"end":{"line":5,"column":5}},"line":3},"1":{"name":"(anonymous_1)","decl":{"start":{"line":7,"column":4},"end":{"line":7,"column":5}},"loc":{"start":{"line":7,"column":18},"end":{"line":9,"column":5}},"line":7},"2":{"name":"(anonymous_2)","decl":{"start":{"line":11,"column":4},"end":{"line":11,"column":5}},"loc":{"start":{"line":11,"column":27},"end":{"line":19,"column":5}},"line":11},"3":{"name":"(anonymous_3)","decl":{"start":{"line":14,"column":46},"end":{"line":14,"column":47}},"loc":{"start":{"line":14,"column":52},"end":{"line":14,"column":66}},"line":14},"4":{"name":"(anonymous_4)","decl":{"start":{"line":21,"column":4},"end":{"line":21,"column":5}},"loc":{"start":{"line":21,"column":43},"end":{"line":29,"column":5}},"line":21},"5":{"name":"(anonymous_5)","decl":{"start":{"line":24,"column":46},"end":{"line":24,"column":47}},"loc":{"start":{"line":24,"column":52},"end":{"line":24,"column":78}},"line":24},"6":{"name":"(anonymous_6)","decl":{"start":{"line":31,"column":4},"end":{"line":31,"column":5}},"loc":{"start":{"line":31,"column":28},"end":{"line":39,"column":5}},"line":31},"7":{"name":"(anonymous_7)","decl":{"start":{"line":34,"column":46},"end":{"line":34,"column":47}},"loc":{"start":{"line":34,"column":52},"end":{"line":34,"column":60}},"line":34},"8":{"name":"(anonymous_8)","decl":{"start":{"line":41,"column":4},"end":{"line":41,"column":5}},"loc":{"start":{"line":41,"column":28},"end":{"line":49,"column":5}},"line":41},"9":{"name":"(anonymous_9)","decl":{"start":{"line":44,"column":47},"end":{"line":44,"column":48}},"loc":{"start":{"line":44,"column":53},"end":{"line":44,"column":62}},"line":44},"10":{"name":"(anonymous_10)","decl":{"start":{"line":51,"column":4},"end":{"line":51,"column":5}},"loc":{"start":{"line":51,"column":25},"end":{"line":68,"column":5}},"line":51},"11":{"name":"(anonymous_11)","decl":{"start":{"line":70,"column":4},"end":{"line":70,"column":5}},"loc":{"start":{"line":70,"column":39},"end":{"line":80,"column":5}},"line":70},"12":{"name":"(anonymous_12)","decl":{"start":{"line":82,"column":4},"end":{"line":82,"column":5}},"loc":{"start":{"line":82,"column":31},"end":{"line":91,"column":5}},"line":82},"13":{"name":"(anonymous_13)","decl":{"start":{"line":93,"column":4},"end":{"line":93,"column":5}},"loc":{"start":{"line":93,"column":20},"end":{"line":95,"column":5}},"line":93}},"branchMap":{"0":{"loc":{"start":{"line":70,"column":31},"end":{"line":70,"column":38}},"type":"default-arg","locations":[{"start":{"line":70,"column":36},"end":{"line":70,"column":38}}],"line":70}},"s":{"0":0,"1":1,"2":0,"3":0,"4":0,"5":0,"6":0,"7":0,"8":0,"9":0,"10":0,"11":0,"12":0,"13":0,"14":0,"15":0,"16":0,"17":0,"18":0,"19":0,"20":0,"21":0,"22":10,"23":10,"24":4,"25":6,"26":6,"27":6,"28":0,"29":5,"30":5,"31":5,"32":5,"33":0,"34":0,"35":0,"36":0,"37":0,"38":1},"f":{"0":0,"1":1,"2":0,"3":0,"4":0,"5":0,"6":0,"7":0,"8":0,"9":0,"10":10,"11":5,"12":0,"13":1},"b":{"0":[5]},"_coverageSchema":"1a1c01bbd47fc00a2c39e90264f33305004495a9","hash":"e9698f9929378cf3eae4504768e49f8f8a3fa6ab"}
,"C:\\Users\\camil\\OneDrive\\Documents\\Platzi\\Puppeteer\\Proyecto_Definitivo\\pages\\FlightsPage.js": {"path":"C:\\Users\\camil\\OneDrive\\Documents\\Platzi\\Puppeteer\\Proyecto_Definitivo\\pages\\FlightsPage.js","statementMap":{"0":{"start":{"line":5,"column":8},"end":{"line":5,"column":15}},"1":{"start":{"line":6,"column":8},"end":{"line":6,"column":37}},"2":{"start":{"line":7,"column":8},"end":{"line":16,"column":9}},"3":{"start":{"line":20,"column":8},"end":{"line":20,"column":65}},"4":{"start":{"line":21,"column":8},"end":{"line":21,"column":48}},"5":{"start":{"line":22,"column":8},"end":{"line":22,"column":52}},"6":{"start":{"line":23,"column":8},"end":{"line":23,"column":50}},"7":{"start":{"line":24,"column":8},"end":{"line":24,"column":52}},"8":{"start":{"line":25,"column":8},"end":{"line":25,"column":57}},"9":{"start":{"line":26,"column":8},"end":{"line":26,"column":54}},"10":{"start":{"line":30,"column":8},"end":{"line":30,"column":47}},"11":{"start":{"line":31,"column":8},"end":{"line":31,"column":49}},"12":{"start":{"line":33,"column":8},"end":{"line":33,"column":43}},"13":{"start":{"line":34,"column":8},"end":{"line":34,"column":49}},"14":{"start":{"line":36,"column":8},"end":{"line":36,"column":47}},"15":{"start":{"line":38,"column":8},"end":{"line":43,"column":9}},"16":{"start":{"line":39,"column":12},"end":{"line":39,"column":51}},"17":{"start":{"line":40,"column":12},"end":{"line":42,"column":13}},"18":{"start":{"line":40,"column":22},"end":{"line":40,"column":23}},"19":{"start":{"line":41,"column":16},"end":{"line":41,"column":66}},"20":{"start":{"line":45,"column":8},"end":{"line":45,"column":44}},"21":{"start":{"line":49,"column":8},"end":{"line":49,"column":26}}},"fnMap":{"0":{"name":"(anonymous_0)","decl":{"start":{"line":4,"column":4},"end":{"line":4,"column":5}},"loc":{"start":{"line":4,"column":17},"end":{"line":17,"column":5}},"line":4},"1":{"name":"(anonymous_1)","decl":{"start":{"line":19,"column":4},"end":{"line":19,"column":5}},"loc":{"start":{"line":19,"column":24},"end":{"line":27,"column":5}},"line":19},"2":{"name":"(anonymous_2)","decl":{"start":{"line":29,"column":4},"end":{"line":29,"column":5}},"loc":{"start":{"line":29,"column":50},"end":{"line":46,"column":5}},"line":29},"3":{"name":"(anonymous_3)","decl":{"start":{"line":48,"column":4},"end":{"line":48,"column":5}},"loc":{"start":{"line":48,"column":27},"end":{"line":50,"column":5}},"line":48}},"branchMap":{"0":{"loc":{"start":{"line":38,"column":8},"end":{"line":43,"column":9}},"type":"if","locations":[{"start":{"line":38,"column":8},"end":{"line":43,"column":9}},{"start":{},"end":{}}],"line":38}},"s":{"0":1,"1":1,"2":1,"3":1,"4":1,"5":1,"6":1,"7":1,"8":1,"9":1,"10":1,"11":1,"12":1,"13":1,"14":1,"15":1,"16":1,"17":1,"18":1,"19":4,"20":1,"21":1},"f":{"0":1,"1":1,"2":1,"3":1},"b":{"0":[1,0]},"_coverageSchema":"1a1c01bbd47fc00a2c39e90264f33305004495a9","hash":"2da1f52e7937aecc9605935fa971c539a1b08870"}
,"C:\\Users\\camil\\OneDrive\\Documents\\Platzi\\Puppeteer\\Proyecto_Definitivo\\pages\\LoginPage.js": {"path":"C:\\Users\\camil\\OneDrive\\Documents\\Platzi\\Puppeteer\\Proyecto_Definitivo\\pages\\LoginPage.js","statementMap":{"0":{"start":{"line":5,"column":8},"end":{"line":5,"column":15}},"1":{"start":{"line":6,"column":8},"end":{"line":6,"column":52}},"2":{"start":{"line":7,"column":8},"end":{"line":7,"column":54}},"3":{"start":{"line":8,"column":8},"end":{"line":8,"column":60}},"4":{"start":{"line":9,"column":8},"end":{"line":9,"column":62}},"5":{"start":{"line":10,"column":8},"end":{"line":10,"column":60}},"6":{"start":{"line":14,"column":8},"end":{"line":14,"column":55}},"7":{"start":{"line":15,"column":8},"end":{"line":15,"column":44}},"8":{"start":{"line":16,"column":20},"end":{"line":16,"column":33}},"9":{"start":{"line":17,"column":8},"end":{"line":17,"column":24}},"10":{"start":{"line":21,"column":8},"end":{"line":21,"column":51}},"11":{"start":{"line":22,"column":8},"end":{"line":22,"column":47}},"12":{"start":{"line":23,"column":8},"end":{"line":23,"column":53}},"13":{"start":{"line":24,"column":8},"end":{"line":24,"column":43}},"14":{"start":{"line":28,"column":8},"end":{"line":28,"column":51}},"15":{"start":{"line":29,"column":8},"end":{"line":29,"column":44}}},"fnMap":{"0":{"name":"(anonymous_0)","decl":{"start":{"line":4,"column":4},"end":{"line":4,"column":5}},"loc":{"start":{"line":4,"column":17},"end":{"line":11,"column":5}},"line":4},"1":{"name":"(anonymous_1)","decl":{"start":{"line":13,"column":4},"end":{"line":13,"column":5}},"loc":{"start":{"line":13,"column":17},"end":{"line":18,"column":5}},"line":13},"2":{"name":"(anonymous_2)","decl":{"start":{"line":20,"column":4},"end":{"line":20,"column":5}},"loc":{"start":{"line":20,"column":31},"end":{"line":25,"column":5}},"line":20},"3":{"name":"(anonymous_3)","decl":{"start":{"line":27,"column":4},"end":{"line":27,"column":5}},"loc":{"start":{"line":27,"column":25},"end":{"line":30,"column":5}},"line":27}},"branchMap":{},"s":{"0":1,"1":1,"2":1,"3":1,"4":1,"5":1,"6":1,"7":1,"8":1,"9":1,"10":1,"11":1,"12":1,"13":1,"14":1,"15":1},"f":{"0":1,"1":1,"2":1,"3":1},"b":{},"_coverageSchema":"1a1c01bbd47fc00a2c39e90264f33305004495a9","hash":"d4c30ee170b0d8c27207d5e89f260c1ac371a49c"}
}
