{"C:\\Users\\camil\\OneDrive\\Documents\\Platzi\\Puppeteer\\Proyecto_Definitivo\\pages\\BasePage.js": {"path":"C:\\Users\\camil\\OneDrive\\Documents\\Platzi\\Puppeteer\\Proyecto_Definitivo\\pages\\BasePage.js","statementMap":{"0":{"start":{"line":4,"column":8},"end":{"line":4,"column":33}},"1":{"start":{"line":8,"column":8},"end":{"line":8,"column":31}},"2":{"start":{"line":12,"column":8},"end":{"line":18,"column":9}},"3":{"start":{"line":13,"column":12},"end":{"line":13,"column":48}},"4":{"start":{"line":14,"column":12},"end":{"line":14,"column":67}},"5":{"start":{"line":14,"column":52},"end":{"line":14,"column":66}},"6":{"start":{"line":16,"column":12},"end":{"line":16,"column":81}},"7":{"start":{"line":22,"column":8},"end":{"line":28,"column":9}},"8":{"start":{"line":23,"column":12},"end":{"line":23,"column":48}},"9":{"start":{"line":24,"column":12},"end":{"line":24,"column":79}},"10":{"start":{"line":24,"column":52},"end":{"line":24,"column":78}},"11":{"start":{"line":26,"column":12},"end":{"line":26,"column":84}},"12":{"start":{"line":32,"column":8},"end":{"line":38,"column":9}},"13":{"start":{"line":33,"column":12},"end":{"line":33,"column":48}},"14":{"start":{"line":34,"column":12},"end":{"line":34,"column":61}},"15":{"start":{"line":34,"column":52},"end":{"line":34,"column":60}},"16":{"start":{"line":36,"column":12},"end":{"line":36,"column":81}},"17":{"start":{"line":42,"column":8},"end":{"line":48,"column":9}},"18":{"start":{"line":43,"column":12},"end":{"line":43,"column":48}},"19":{"start":{"line":44,"column":12},"end":{"line":44,"column":63}},"20":{"start":{"line":44,"column":53},"end":{"line":44,"column":62}},"21":{"start":{"line":46,"column":12},"end":{"line":46,"column":95}},"22":{"start":{"line":52,"column":8},"end":{"line":67,"column":9}},"23":{"start":{"line":53,"column":12},"end":{"line":53,"column":48}},"24":{"start":{"line":54,"column":12},"end":{"line":54,"column":38}},"25":{"start":{"line":57,"column":12},"end":{"line":64,"column":13}},"26":{"start":{"line":58,"column":32},"end":{"line":58,"column":65}},"27":{"start":{"line":59,"column":16},"end":{"line":59,"column":37}},"28":{"start":{"line":62,"column":16},"end":{"line":62,"column":77}},"29":{"start":{"line":71,"column":8},"end":{"line":78,"column":9}},"30":{"start":{"line":72,"column":12},"end":{"line":72,"column":48}},"31":{"start":{"line":73,"column":12},"end":{"line":73,"column":49}},"32":{"start":{"line":76,"column":12},"end":{"line":76,"column":79}},"33":{"start":{"line":82,"column":8},"end":{"line":89,"column":9}},"34":{"start":{"line":83,"column":12},"end":{"line":83,"column":48}},"35":{"start":{"line":84,"column":12},"end":{"line":84,"column":54}},"36":{"start":{"line":87,"column":12},"end":{"line":87,"column":82}},"37":{"start":{"line":93,"column":6},"end":{"line":93,"column":38}}},"fnMap":{"0":{"name":"(anonymous_0)","decl":{"start":{"line":3,"column":4},"end":{"line":3,"column":5}},"loc":{"start":{"line":3,"column":20},"end":{"line":5,"column":5}},"line":3},"1":{"name":"(anonymous_1)","decl":{"start":{"line":7,"column":4},"end":{"line":7,"column":5}},"loc":{"start":{"line":7,"column":18},"end":{"line":9,"column":5}},"line":7},"2":{"name":"(anonymous_2)","decl":{"start":{"line":11,"column":4},"end":{"line":11,"column":5}},"loc":{"start":{"line":11,"column":27},"end":{"line":19,"column":5}},"line":11},"3":{"name":"(anonymous_3)","decl":{"start":{"line":14,"column":46},"end":{"line":14,"column":47}},"loc":{"start":{"line":14,"column":52},"end":{"line":14,"column":66}},"line":14},"4":{"name":"(anonymous_4)","decl":{"start":{"line":21,"column":4},"end":{"line":21,"column":5}},"loc":{"start":{"line":21,"column":43},"end":{"line":29,"column":5}},"line":21},"5":{"name":"(anonymous_5)","decl":{"start":{"line":24,"column":46},"end":{"line":24,"column":47}},"loc":{"start":{"line":24,"column":52},"end":{"line":24,"column":78}},"line":24},"6":{"name":"(anonymous_6)","decl":{"start":{"line":31,"column":4},"end":{"line":31,"column":5}},"loc":{"start":{"line":31,"column":28},"end":{"line":39,"column":5}},"line":31},"7":{"name":"(anonymous_7)","decl":{"start":{"line":34,"column":46},"end":{"line":34,"column":47}},"loc":{"start":{"line":34,"column":52},"end":{"line":34,"column":60}},"line":34},"8":{"name":"(anonymous_8)","decl":{"start":{"line":41,"column":4},"end":{"line":41,"column":5}},"loc":{"start":{"line":41,"column":28},"end":{"line":49,"column":5}},"line":41},"9":{"name":"(anonymous_9)","decl":{"start":{"line":44,"column":47},"end":{"line":44,"column":48}},"loc":{"start":{"line":44,"column":53},"end":{"line":44,"column":62}},"line":44},"10":{"name":"(anonymous_10)","decl":{"start":{"line":51,"column":4},"end":{"line":51,"column":5}},"loc":{"start":{"line":51,"column":25},"end":{"line":68,"column":5}},"line":51},"11":{"name":"(anonymous_11)","decl":{"start":{"line":70,"column":4},"end":{"line":70,"column":5}},"loc":{"start":{"line":70,"column":39},"end":{"line":79,"column":5}},"line":70},"12":{"name":"(anonymous_12)","decl":{"start":{"line":81,"column":4},"end":{"line":81,"column":5}},"loc":{"start":{"line":81,"column":31},"end":{"line":90,"column":5}},"line":81},"13":{"name":"(anonymous_13)","decl":{"start":{"line":92,"column":4},"end":{"line":92,"column":5}},"loc":{"start":{"line":92,"column":20},"end":{"line":94,"column":5}},"line":92}},"branchMap":{"0":{"loc":{"start":{"line":70,"column":31},"end":{"line":70,"column":38}},"type":"default-arg","locations":[{"start":{"line":70,"column":36},"end":{"line":70,"column":38}}],"line":70}},"s":{"0":0,"1":1,"2":0,"3":0,"4":0,"5":0,"6":0,"7":0,"8":0,"9":0,"10":0,"11":0,"12":0,"13":0,"14":0,"15":0,"16":0,"17":0,"18":0,"19":0,"20":0,"21":0,"22":1,"23":1,"24":0,"25":1,"26":1,"27":1,"28":0,"29":2,"30":2,"31":2,"32":0,"33":0,"34":0,"35":0,"36":0,"37":0},"f":{"0":0,"1":1,"2":0,"3":0,"4":0,"5":0,"6":0,"7":0,"8":0,"9":0,"10":1,"11":2,"12":0,"13":0},"b":{"0":[2]},"_coverageSchema":"1a1c01bbd47fc00a2c39e90264f33305004495a9","hash":"89a3ab59aa0b9951180b2bc51eb5801d3531f358"}
,"C:\\Users\\camil\\OneDrive\\Documents\\Platzi\\Puppeteer\\Proyecto_Definitivo\\pages\\LoginPage.js": {"path":"C:\\Users\\camil\\OneDrive\\Documents\\Platzi\\Puppeteer\\Proyecto_Definitivo\\pages\\LoginPage.js","statementMap":{"0":{"start":{"line":5,"column":8},"end":{"line":5,"column":15}},"1":{"start":{"line":6,"column":8},"end":{"line":6,"column":52}},"2":{"start":{"line":7,"column":8},"end":{"line":7,"column":54}},"3":{"start":{"line":8,"column":8},"end":{"line":8,"column":60}},"4":{"start":{"line":9,"column":8},"end":{"line":9,"column":62}},"5":{"start":{"line":10,"column":8},"end":{"line":10,"column":60}},"6":{"start":{"line":14,"column":8},"end":{"line":14,"column":55}},"7":{"start":{"line":15,"column":8},"end":{"line":15,"column":44}},"8":{"start":{"line":16,"column":20},"end":{"line":16,"column":33}},"9":{"start":{"line":17,"column":8},"end":{"line":17,"column":24}},"10":{"start":{"line":21,"column":8},"end":{"line":21,"column":51}},"11":{"start":{"line":22,"column":8},"end":{"line":22,"column":47}},"12":{"start":{"line":23,"column":8},"end":{"line":23,"column":53}},"13":{"start":{"line":24,"column":8},"end":{"line":24,"column":43}},"14":{"start":{"line":28,"column":8},"end":{"line":28,"column":51}},"15":{"start":{"line":29,"column":8},"end":{"line":29,"column":44}}},"fnMap":{"0":{"name":"(anonymous_0)","decl":{"start":{"line":4,"column":4},"end":{"line":4,"column":5}},"loc":{"start":{"line":4,"column":17},"end":{"line":11,"column":5}},"line":4},"1":{"name":"(anonymous_1)","decl":{"start":{"line":13,"column":4},"end":{"line":13,"column":5}},"loc":{"start":{"line":13,"column":17},"end":{"line":18,"column":5}},"line":13},"2":{"name":"(anonymous_2)","decl":{"start":{"line":20,"column":4},"end":{"line":20,"column":5}},"loc":{"start":{"line":20,"column":31},"end":{"line":25,"column":5}},"line":20},"3":{"name":"(anonymous_3)","decl":{"start":{"line":27,"column":4},"end":{"line":27,"column":5}},"loc":{"start":{"line":27,"column":25},"end":{"line":30,"column":5}},"line":27}},"branchMap":{},"s":{"0":1,"1":1,"2":1,"3":1,"4":1,"5":1,"6":1,"7":1,"8":1,"9":1,"10":1,"11":1,"12":1,"13":1,"14":1,"15":1},"f":{"0":1,"1":1,"2":1,"3":1},"b":{},"_coverageSchema":"1a1c01bbd47fc00a2c39e90264f33305004495a9","hash":"d4c30ee170b0d8c27207d5e89f260c1ac371a49c"}
}
