TN:
SF:pages\BasePage.js
FN:3,(anonymous_0)
FN:7,(anonymous_1)
FN:11,(anonymous_2)
FN:14,(anonymous_3)
FN:21,(anonymous_4)
FN:24,(anonymous_5)
FN:31,(anonymous_6)
FN:34,(anonymous_7)
FN:41,(anonymous_8)
FN:44,(anonymous_9)
FN:51,(anonymous_10)
FN:70,(anonymous_11)
FN:81,(anonymous_12)
FN:92,(anonymous_13)
FNF:14
FNH:3
FNDA:0,(anonymous_0)
FNDA:1,(anonymous_1)
FNDA:0,(anonymous_2)
FNDA:0,(anonymous_3)
FNDA:0,(anonymous_4)
FNDA:0,(anonymous_5)
FNDA:0,(anonymous_6)
FNDA:0,(anonymous_7)
FNDA:0,(anonymous_8)
FNDA:0,(anonymous_9)
FNDA:1,(anonymous_10)
FNDA:2,(anonymous_11)
FNDA:0,(anonymous_12)
FNDA:0,(anonymous_13)
DA:4,0
DA:8,1
DA:12,0
DA:13,0
DA:14,0
DA:16,0
DA:22,0
DA:23,0
DA:24,0
DA:26,0
DA:32,0
DA:33,0
DA:34,0
DA:36,0
DA:42,0
DA:43,0
DA:44,0
DA:46,0
DA:52,1
DA:53,1
DA:54,0
DA:57,1
DA:58,1
DA:59,1
DA:62,0
DA:71,2
DA:72,2
DA:73,2
DA:76,0
DA:82,0
DA:83,0
DA:84,0
DA:87,0
DA:93,0
LF:34
LH:9
BRDA:70,0,0,2
BRF:1
BRH:1
end_of_record
TN:
SF:pages\LoginPage.js
FN:4,(anonymous_0)
FN:13,(anonymous_1)
FN:20,(anonymous_2)
FN:27,(anonymous_3)
FNF:4
FNH:4
FNDA:1,(anonymous_0)
FNDA:1,(anonymous_1)
FNDA:1,(anonymous_2)
FNDA:1,(anonymous_3)
DA:5,1
DA:6,1
DA:7,1
DA:8,1
DA:9,1
DA:10,1
DA:14,1
DA:15,1
DA:16,1
DA:17,1
DA:21,1
DA:22,1
DA:23,1
DA:24,1
DA:28,1
DA:29,1
LF:16
LH:16
BRF:0
BRH:0
end_of_record
